Server is off!: Success
Opened database successfully
No such file or directory
Server is off!: Not a directory
Server is off!: Operation not permitted
Opened database successfully
No such file or directory
Server is off!: Not a directory
Server is off!: Operation not permitted
Server is off!: Operation not permitted
Opened database successfully
No such file or directory
Server is off!: Not a directory
Opened database successfully
No such file or directory
Server is off!: Not a directory
Opened database successfully
No such file or directory
Server is off!: Not a directory
Opened database successfully
No such file or directory
Server is off!: Not a directory
Opened database successfully
No such file or directory
Server is off!: Not a directory
Opened database successfully
No such file or directory
Server is off!: Not a directory
Opened database successfully
No such file or directory
Server is off!: Not a directory
Opened database successfully
No such file or directory
Server is off!: Not a directory
Opened database successfully
No such file or directory
Server is off!: Not a directory
Server is off!: Operation not permitted
Server is off!: Operation not permitted
Server is off!: Operation not permitted
Server is off!: Operation not permitted
Server is off!: Operation not permitted
Server is off!: No such file or directory
